Determining if the pthread_create exist failed with the following output:
Change Dir: /home/brave/soft/code/ROS-Study/section2/catkin_ws/build/CMakeFiles/CMakeTmp

Run Build Command:"/usr/bin/make" "cmTryCompileExec2889387603/fast"
/usr/bin/make -f CMakeFiles/cmTryCompileExec2889387603.dir/build.make CMakeFiles/cmTryCompileExec2889387603.dir/build
make[1]: 进入目录“/home/brave/soft/code/ROS-Study/section2/catkin_ws/build/CMakeFiles/CMakeTmp”
/home/brave/soft/cmake/bin/cmake -E cmake_progress_report /home/brave/soft/code/ROS-Study/section2/catkin_ws/build/CMakeFiles/CMakeTmp/CMakeFiles 1
Building C object CMakeFiles/cmTryCompileExec2889387603.dir/CheckSymbolExists.c.o
/usr/bin/cc    -o CMakeFiles/cmTryCompileExec2889387603.dir/CheckSymbolExists.c.o   -c /home/brave/soft/code/ROS-Study/section2/catkin_ws/build/CMakeFiles/CMakeTmp/CheckSymbolExists.c
Linking C executable cmTryCompileExec2889387603
/home/brave/soft/cmake/bin/cmake -E cmake_link_script CMakeFiles/cmTryCompileExec2889387603.dir/link.txt --verbose=1
/usr/bin/cc       CMakeFiles/cmTryCompileExec2889387603.dir/CheckSymbolExists.c.o  -o cmTryCompileExec2889387603 -rdynamic 
/usr/bin/ld: CMakeFiles/cmTryCompileExec2889387603.dir/CheckSymbolExists.c.o: in function `main':
CheckSymbolExists.c:(.text+0x1f): undefined reference to `pthread_create'
collect2: error: ld returned 1 exit status
make[1]: *** [CMakeFiles/cmTryCompileExec2889387603.dir/build.make:89：cmTryCompileExec2889387603] 错误 1
make[1]: 离开目录“/home/brave/soft/code/ROS-Study/section2/catkin_ws/build/CMakeFiles/CMakeTmp”
make: *** [Makefile:117：cmTryCompileExec2889387603/fast] 错误 2

File /home/brave/soft/code/ROS-Study/section2/catkin_ws/build/CMakeFiles/CMakeTmp/CheckSymbolExists.c:
/* */
#include <pthread.h>

int main(int argc, char** argv)
{
  (void)argv;
#ifndef pthread_create
  return ((int*)(&pthread_create))[argc];
#else
  (void)argc;
  return 0;
#endif
}

Determining if the function pthread_create exists in the pthreads failed with the following output:
Change Dir: /home/brave/soft/code/ROS-Study/section2/catkin_ws/build/CMakeFiles/CMakeTmp

Run Build Command:"/usr/bin/make" "cmTryCompileExec167980609/fast"
/usr/bin/make -f CMakeFiles/cmTryCompileExec167980609.dir/build.make CMakeFiles/cmTryCompileExec167980609.dir/build
make[1]: 进入目录“/home/brave/soft/code/ROS-Study/section2/catkin_ws/build/CMakeFiles/CMakeTmp”
/home/brave/soft/cmake/bin/cmake -E cmake_progress_report /home/brave/soft/code/ROS-Study/section2/catkin_ws/build/CMakeFiles/CMakeTmp/CMakeFiles 1
Building C object CMakeFiles/cmTryCompileExec167980609.dir/CheckFunctionExists.c.o
/usr/bin/cc   -DCHECK_FUNCTION_EXISTS=pthread_create   -o CMakeFiles/cmTryCompileExec167980609.dir/CheckFunctionExists.c.o   -c /home/brave/soft/cmake/share/cmake-3.2/Modules/CheckFunctionExists.c
Linking C executable cmTryCompileExec167980609
/home/brave/soft/cmake/bin/cmake -E cmake_link_script CMakeFiles/cmTryCompileExec167980609.dir/link.txt --verbose=1
/usr/bin/cc   -DCHECK_FUNCTION_EXISTS=pthread_create    CMakeFiles/cmTryCompileExec167980609.dir/CheckFunctionExists.c.o  -o cmTryCompileExec167980609 -rdynamic -lpthreads 
/usr/bin/ld: 找不到 -lpthreads
collect2: error: ld returned 1 exit status
make[1]: *** [CMakeFiles/cmTryCompileExec167980609.dir/build.make:89：cmTryCompileExec167980609] 错误 1
make[1]: 离开目录“/home/brave/soft/code/ROS-Study/section2/catkin_ws/build/CMakeFiles/CMakeTmp”
make: *** [Makefile:117：cmTryCompileExec167980609/fast] 错误 2


